[debug] [2022-12-25T12:58:02.345Z] ----------------------------------------------------------------------
[debug] [2022-12-25T12:58:02.346Z] Command:       /usr/local/bin/node /usr/local/bin/firebase deploy --only hosting
[debug] [2022-12-25T12:58:02.346Z] CLI Version:   10.6.0
[debug] [2022-12-25T12:58:02.346Z] Platform:      darwin
[debug] [2022-12-25T12:58:02.346Z] Node Version:  v16.14.2
[debug] [2022-12-25T12:58:02.349Z] Time:          Sun Dec 25 2022 21:58:02 GMT+0900 (대한민국 표준시)
[debug] [2022-12-25T12:58:02.349Z] ----------------------------------------------------------------------
[debug] 
[debug] [2022-12-25T12:58:02.351Z] >>> [apiv2][query] GET https://firebase-public.firebaseio.com/cli.json [none]
[debug] [2022-12-25T12:58:02.386Z] > command requires scopes: ["email","openid","https://www.googleapis.com/auth/cloudplatformprojects.readonly","https://www.googleapis.com/auth/firebase","https://www.googleapis.com/auth/cloud-platform"]
[debug] [2022-12-25T12:58:02.386Z] > authorizing via signed-in user (rkdfnql22@gmail.com)
[debug] [2022-12-25T12:58:02.386Z] [iam] checking project clone-a6366 for permissions ["firebase.projects.get","firebasehosting.sites.update"]
[debug] [2022-12-25T12:58:02.386Z] > refreshing access token with scopes: []
[debug] [2022-12-25T12:58:02.386Z] >>> HTTP REQUEST POST https://www.googleapis.com/oauth2/v3/token  
 <request body omitted>
[debug] [2022-12-25T12:58:02.609Z] <<< HTTP RESPONSE 400 {"pragma":"no-cache","date":"Sun, 25 Dec 2022 12:58:02 GMT","cache-control":"no-cache, no-store, max-age=0, must-revalidate","expires":"Mon, 01 Jan 1990 00:00:00 GMT","content-type":"application/json; charset=utf-8","vary":"X-Origin, Referer, Origin,Accept-Encoding","server":"scaffolding on HTTPServer2","x-xss-protection":"0","x-frame-options":"SAMEORIGIN","x-content-type-options":"nosniff","alt-svc":"h3=\":443\"; ma=2592000,h3-29=\":443\"; ma=2592000,h3-Q050=\":443\"; ma=2592000,h3-Q046=\":443\"; ma=2592000,h3-Q043=\":443\"; ma=2592000,quic=\":443\"; ma=2592000; v=\"46,43\"","accept-ranges":"none","transfer-encoding":"chunked"}
[debug] [2022-12-25T12:58:02.610Z] >>> [apiv2][query] POST https://cloudresourcemanager.googleapis.com/v1/projects/clone-a6366:testIamPermissions [none]
[debug] [2022-12-25T12:58:02.610Z] >>> [apiv2][body] POST https://cloudresourcemanager.googleapis.com/v1/projects/clone-a6366:testIamPermissions {"permissions":["firebase.projects.get","firebasehosting.sites.update"]}
[debug] [2022-12-25T12:58:02.802Z] <<< [apiv2][status] GET https://firebase-public.firebaseio.com/cli.json 200
[debug] [2022-12-25T12:58:02.802Z] <<< [apiv2][body] GET https://firebase-public.firebaseio.com/cli.json {"cloudBuildErrorAfter":1594252800000,"cloudBuildWarnAfter":1590019200000,"defaultNode10After":1594252800000,"minVersion":"3.0.5","node8DeploysDisabledAfter":1613390400000,"node8RuntimeDisabledAfter":1615809600000,"node8WarnAfter":1600128000000}
[debug] [2022-12-25T12:58:03.034Z] <<< [apiv2][status] POST https://cloudresourcemanager.googleapis.com/v1/projects/clone-a6366:testIamPermissions 401
[debug] [2022-12-25T12:58:03.034Z] <<< [apiv2][body] POST https://cloudresourcemanager.googleapis.com/v1/projects/clone-a6366:testIamPermissions {"error":{"code":401,"message":"Request had invalid authentication credentials. Expected OAuth 2 access token, login cookie or other valid authentication credential. See https://developers.google.com/identity/sign-in/web/devconsole-project.","status":"UNAUTHENTICATED","details":[{"@type":"type.googleapis.com/google.rpc.ErrorInfo","reason":"ACCESS_TOKEN_TYPE_UNSUPPORTED","metadata":{"method":"google.cloudresourcemanager.v1.Projects.TestIamPermissions","service":"cloudresourcemanager.googleapis.com"}}]}}
[debug] [2022-12-25T12:58:03.035Z] [iam] error while checking permissions, command may fail: FirebaseError: HTTP Error: 401, Request had invalid authentication credentials. Expected OAuth 2 access token, login cookie or other valid authentication credential. See https://developers.google.com/identity/sign-in/web/devconsole-project.
[debug] [2022-12-25T12:58:03.035Z] > refreshing access token with scopes: []
[debug] [2022-12-25T12:58:03.035Z] >>> HTTP REQUEST POST https://www.googleapis.com/oauth2/v3/token  
 <request body omitted>
[debug] [2022-12-25T12:58:03.237Z] <<< HTTP RESPONSE 400 {"expires":"Mon, 01 Jan 1990 00:00:00 GMT","cache-control":"no-cache, no-store, max-age=0, must-revalidate","pragma":"no-cache","date":"Sun, 25 Dec 2022 12:58:03 GMT","content-type":"application/json; charset=utf-8","vary":"X-Origin, Referer, Origin,Accept-Encoding","server":"scaffolding on HTTPServer2","x-xss-protection":"0","x-frame-options":"SAMEORIGIN","x-content-type-options":"nosniff","alt-svc":"h3=\":443\"; ma=2592000,h3-29=\":443\"; ma=2592000,h3-Q050=\":443\"; ma=2592000,h3-Q046=\":443\"; ma=2592000,h3-Q043=\":443\"; ma=2592000,quic=\":443\"; ma=2592000; v=\"46,43\"","accept-ranges":"none","transfer-encoding":"chunked"}
[debug] [2022-12-25T12:58:03.238Z] >>> [apiv2][query] GET https://firebase.googleapis.com/v1beta1/projects/clone-a6366 [none]
[debug] [2022-12-25T12:58:03.427Z] <<< [apiv2][status] GET https://firebase.googleapis.com/v1beta1/projects/clone-a6366 401
[debug] [2022-12-25T12:58:03.427Z] <<< [apiv2][body] GET https://firebase.googleapis.com/v1beta1/projects/clone-a6366 {"error":{"code":401,"message":"Request had invalid authentication credentials. Expected OAuth 2 access token, login cookie or other valid authentication credential. See https://developers.google.com/identity/sign-in/web/devconsole-project.","status":"UNAUTHENTICATED"}}
[debug] [2022-12-25T12:58:03.427Z] HTTP Error: 401, Request had invalid authentication credentials. Expected OAuth 2 access token, login cookie or other valid authentication credential. See https://developers.google.com/identity/sign-in/web/devconsole-project.
[debug] [2022-12-25T12:58:03.610Z] FirebaseError: HTTP Error: 401, Request had invalid authentication credentials. Expected OAuth 2 access token, login cookie or other valid authentication credential. See https://developers.google.com/identity/sign-in/web/devconsole-project.
    at module.exports (/usr/local/lib/node_modules/firebase-tools/lib/responseToError.js:47:12)
    at RetryOperation._fn (/usr/local/lib/node_modules/firebase-tools/lib/apiv2.js:286:39)
    at processTicksAndRejections (node:internal/process/task_queues:96:5)
[error] 
[error] Error: Failed to get Firebase project clone-a6366. Please make sure the project exists and your account has permission to access it.
